<?xml version="1.0" encoding="UTF-8"?>
<testsuite xmlns:xsi="http://www.w3.org/2001/XMLSchema-instance" xsi:noNamespaceSchemaLocation="https://maven.apache.org/surefire/maven-surefire-plugin/xsd/surefire-test-report-3.0.xsd" version="3.0" name="Runner.TestRunner" time="143.857" tests="12" errors="0" skipped="0" failures="0">
  <properties>
[...]
</properties>
  <testcase name="Login with valid credentials" classname="Login Functionality" time="31.206">
    <system-out><![CDATA[
Scenario Outline: Login with valid credentials                                   &amp#27;[90m# src/test/resources/features/Login.feature:12&amp#27;[0m
  &amp#27;[32mGiven &amp#27;[0m&amp#27;[32mUser should navigate the login page on home Page&amp#27;[0m                         &amp#27;[90m# stepDefinitions.Login.User_should_navigate_the_login_page_on_home_Page()&amp#27;[0m
  &amp#27;[32mWhen &amp#27;[0m&amp#27;[32mUser has enter valid username &amp#27;[0m&amp#27;[32m&amp#27;[1mkvivekanand965@gmail.com&amp#27;[0m&amp#27;[32m in the login field&amp#27;[0m &amp#27;[90m# stepDefinitions.Login.User_has_enter_valid_username_in_the_login_field(java.lang.String)&amp#27;[0m
  &amp#27;[32mAnd &amp#27;[0m&amp#27;[32mUser has enter valid password &amp#27;[0m&amp#27;[32m&amp#27;[1madmin&amp#27;[0m&amp#27;[32m in the password field&amp#27;[0m                  &amp#27;[90m# stepDefinitions.Login.User_has_enter_valid_password_in_the_password_field(java.lang.String)&amp#27;[0m
  &amp#27;[32mAnd &amp#27;[0m&amp#27;[32mUser has click on login button&amp#27;[0m                                             &amp#27;[90m# stepDefinitions.Login.User_has_click_on_login_button()&amp#27;[0m
  &amp#27;[32mThen &amp#27;[0m&amp#27;[32mUser should logged in successfully in the app&amp#27;[0m                             &amp#27;[90m# stepDefinitions.Login.User_should_logged_in_successfully_in_the_app()&amp#27;[0m
  &amp#27;[32mAnd &amp#27;[0m&amp#27;[32mUser should logout the app&amp#27;[0m                                                 &amp#27;[90m# stepDefinitions.Login.User_should_logout_the_app()&amp#27;[0m
]]></system-out>
    <system-err><![CDATA[SLF4J: No SLF4J providers were found.
SLF4J: Defaulting to no-operation (NOP) logger implementation
SLF4J: See https://www.slf4j.org/codes.html#noProviders for further details.
Starting ChromeDriver 116.0.5845.96 (1a391816688002153ef791ffe60d9e899a71a037-refs/branch-heads/5845@{#1382}) on port 15587
Only local connections are allowed.
Please see https://chromedriver.chromium.org/security-considerations for suggestions on keeping ChromeDriver safe.
ChromeDriver was started successfully.
Sep 18, 2023 4:51:36 PM org.openqa.selenium.devtools.CdpVersionFinder findNearestMatch
WARNING: Unable to find CDP implementation matching 116
Sep 18, 2023 4:51:36 PM org.openqa.selenium.chromium.ChromiumDriver lambda$new$3
WARNING: Unable to find version of CDP to use for . You may need to include a dependency on a specific version of the CDP using something similar to `org.seleniumhq.selenium:selenium-devtools-v86:4.8.2` where the version ("v86") matches the version of the chromium-based browser you're using and the version number of the artifact is the same as Selenium's.
]]></system-err>
  </testcase>
  <testcase name="Login with invalid username" classname="Login Functionality" time="10.203">
    <system-out><![CDATA[
Scenario Outline: Login with invalid username                                    &amp#27;[90m# src/test/resources/features/Login.feature:22&amp#27;[0m
  &amp#27;[32mGiven &amp#27;[0m&amp#27;[32mUser should navigate the login page on home Page&amp#27;[0m                         &amp#27;[90m# stepDefinitions.Login.User_should_navigate_the_login_page_on_home_Page()&amp#27;[0m
  &amp#27;[32mWhen &amp#27;[0m&amp#27;[32mUser has enter invalid username &amp#27;[0m&amp#27;[32m&amp#27;[1mkvivekanand5@gmail.com&amp#27;[0m&amp#27;[32m in the login field&amp#27;[0m &amp#27;[90m# stepDefinitions.Login.User_has_enter_invalid_username_in_the_login_field(java.lang.String)&amp#27;[0m
  &amp#27;[32mAnd &amp#27;[0m&amp#27;[32mUser has enter valid password &amp#27;[0m&amp#27;[32m&amp#27;[1madmin&amp#27;[0m&amp#27;[32m in the password field&amp#27;[0m                  &amp#27;[90m# stepDefinitions.Login.User_has_enter_valid_password_in_the_password_field(java.lang.String)&amp#27;[0m
  &amp#27;[32mAnd &amp#27;[0m&amp#27;[32mUser has click on login button&amp#27;[0m                                             &amp#27;[90m# stepDefinitions.Login.User_has_click_on_login_button()&amp#27;[0m
  &amp#27;[32mThen &amp#27;[0m&amp#27;[32mUser should get warning message to entered credentials are missmatched&amp#27;[0m    &amp#27;[90m# stepDefinitions.Login.User_should_get_warning_message_to_entered_credentials_are_missmatched()&amp#27;[0m
]]></system-out>
    <system-err><![CDATA[Starting ChromeDriver 116.0.5845.96 (1a391816688002153ef791ffe60d9e899a71a037-refs/branch-heads/5845@{#1382}) on port 35522
Only local connections are allowed.
Please see https://chromedriver.chromium.org/security-considerations for suggestions on keeping ChromeDriver safe.
ChromeDriver was started successfully.
Sep 18, 2023 4:51:55 PM org.openqa.selenium.devtools.CdpVersionFinder findNearestMatch
WARNING: Unable to find CDP implementation matching 116
Sep 18, 2023 4:51:55 PM org.openqa.selenium.chromium.ChromiumDriver lambda$new$3
WARNING: Unable to find version of CDP to use for . You may need to include a dependency on a specific version of the CDP using something similar to `org.seleniumhq.selenium:selenium-devtools-v86:4.8.2` where the version ("v86") matches the version of the chromium-based browser you're using and the version number of the artifact is the same as Selenium's.
]]></system-err>
  </testcase>
  <testcase name="Login with invalid password" classname="Login Functionality" time="9.974">
    <system-out><![CDATA[
Scenario: Login with invalid password                                               &amp#27;[90m# src/test/resources/features/Login.feature:24&amp#27;[0m
  &amp#27;[32mGiven &amp#27;[0m&amp#27;[32mUser should navigate the login page on home Page&amp#27;[0m                            &amp#27;[90m# stepDefinitions.Login.User_should_navigate_the_login_page_on_home_Page()&amp#27;[0m
  &amp#27;[32mWhen &amp#27;[0m&amp#27;[32mUser has enters valid username &amp#27;[0m&amp#27;[32m&amp#27;[1m"kvivekanand965@gmail.com"&amp#27;[0m&amp#27;[32m in the login field&amp#27;[0m &amp#27;[90m# stepDefinitions.Login.User_has_enters_valid_username_in_the_login_field(java.lang.String)&amp#27;[0m
  &amp#27;[32mAnd &amp#27;[0m&amp#27;[32mUser has enters invalid password &amp#27;[0m&amp#27;[32m&amp#27;[1m"admi"&amp#27;[0m&amp#27;[32m in the password field&amp#27;[0m                 &amp#27;[90m# stepDefinitions.Login.User_has_enters_invalid_password_in_the_password_field(java.lang.String)&amp#27;[0m
  &amp#27;[32mAnd &amp#27;[0m&amp#27;[32mUser has click on login button&amp#27;[0m                                                &amp#27;[90m# stepDefinitions.Login.User_has_click_on_login_button()&amp#27;[0m
  &amp#27;[32mThen &amp#27;[0m&amp#27;[32mUser should get warning message to entered credentials are missmatched&amp#27;[0m       &amp#27;[90m# stepDefinitions.Login.User_should_get_warning_message_to_entered_credentials_are_missmatched()&amp#27;[0m
]]></system-out>
    <system-err><![CDATA[Starting ChromeDriver 116.0.5845.96 (1a391816688002153ef791ffe60d9e899a71a037-refs/branch-heads/5845@{#1382}) on port 18739
Only local connections are allowed.
Please see https://chromedriver.chromium.org/security-considerations for suggestions on keeping ChromeDriver safe.
ChromeDriver was started successfully.
Sep 18, 2023 4:52:05 PM org.openqa.selenium.devtools.CdpVersionFinder findNearestMatch
WARNING: Unable to find CDP implementation matching 116
Sep 18, 2023 4:52:05 PM org.openqa.selenium.chromium.ChromiumDriver lambda$new$3
WARNING: Unable to find version of CDP to use for . You may need to include a dependency on a specific version of the CDP using something similar to `org.seleniumhq.selenium:selenium-devtools-v86:4.8.2` where the version ("v86") matches the version of the chromium-based browser you're using and the version number of the artifact is the same as Selenium's.
]]></system-err>
  </testcase>
  <testcase name="Login with invalid username and password" classname="Login Functionality" time="10.148">
    <system-out><![CDATA[
Scenario: Login with invalid username and password                                    &amp#27;[90m# src/test/resources/features/Login.feature:31&amp#27;[0m
  &amp#27;[32mGiven &amp#27;[0m&amp#27;[32mUser should navigate the login page on home Page&amp#27;[0m                              &amp#27;[90m# stepDefinitions.Login.User_should_navigate_the_login_page_on_home_Page()&amp#27;[0m
  &amp#27;[32mWhen &amp#27;[0m&amp#27;[32mUser has enters invalid username &amp#27;[0m&amp#27;[32m&amp#27;[1m"kvivekanand965@gmail.com"&amp#27;[0m&amp#27;[32m in the login field&amp#27;[0m &amp#27;[90m# stepDefinitions.Login.User_has_enters_invalid_username_in_the_login_field(java.lang.String)&amp#27;[0m
  &amp#27;[32mAnd &amp#27;[0m&amp#27;[32mUser has enters invalid password &amp#27;[0m&amp#27;[32m&amp#27;[1m"admi"&amp#27;[0m&amp#27;[32m in the password field&amp#27;[0m                   &amp#27;[90m# stepDefinitions.Login.User_has_enters_invalid_password_in_the_password_field(java.lang.String)&amp#27;[0m
  &amp#27;[32mAnd &amp#27;[0m&amp#27;[32mUser has click on login button&amp#27;[0m                                                  &amp#27;[90m# stepDefinitions.Login.User_has_click_on_login_button()&amp#27;[0m
  &amp#27;[32mThen &amp#27;[0m&amp#27;[32mUser should get warning message to entered credentials are missmatched&amp#27;[0m         &amp#27;[90m# stepDefinitions.Login.User_should_get_warning_message_to_entered_credentials_are_missmatched()&amp#27;[0m
]]></system-out>
    <system-err><![CDATA[Starting ChromeDriver 116.0.5845.96 (1a391816688002153ef791ffe60d9e899a71a037-refs/branch-heads/5845@{#1382}) on port 22395
Only local connections are allowed.
Please see https://chromedriver.chromium.org/security-considerations for suggestions on keeping ChromeDriver safe.
ChromeDriver was started successfully.
Sep 18, 2023 4:52:15 PM org.openqa.selenium.devtools.CdpVersionFinder findNearestMatch
WARNING: Unable to find CDP implementation matching 116
Sep 18, 2023 4:52:15 PM org.openqa.selenium.chromium.ChromiumDriver lambda$new$3
WARNING: Unable to find version of CDP to use for . You may need to include a dependency on a specific version of the CDP using something similar to `org.seleniumhq.selenium:selenium-devtools-v86:4.8.2` where the version ("v86") matches the version of the chromium-based browser you're using and the version number of the artifact is the same as Selenium's.
]]></system-err>
  </testcase>
  <testcase name="User Try to Login without entering username and password" classname="Login Functionality" time="8.918">
    <system-out><![CDATA[
Scenario: User Try to Login without entering username and password            &amp#27;[90m# src/test/resources/features/Login.feature:38&amp#27;[0m
  &amp#27;[32mGiven &amp#27;[0m&amp#27;[32mUser should navigate the login page on home Page&amp#27;[0m                      &amp#27;[90m# stepDefinitions.Login.User_should_navigate_the_login_page_on_home_Page()&amp#27;[0m
  &amp#27;[32mWhen &amp#27;[0m&amp#27;[32mUser has dont enters username &amp#27;[0m&amp#27;[32m&amp#27;[1m" "&amp#27;[0m&amp#27;[32m in the login field&amp#27;[0m                   &amp#27;[90m# stepDefinitions.Login.User_has_dont_enters_username_in_the_login_field(java.lang.String)&amp#27;[0m
  &amp#27;[32mAnd &amp#27;[0m&amp#27;[32mUser has dont enters password &amp#27;[0m&amp#27;[32m&amp#27;[1m" "&amp#27;[0m&amp#27;[32m in the password field&amp#27;[0m                 &amp#27;[90m# stepDefinitions.Login.User_has_dont_enters_password_in_the_password_field(java.lang.String)&amp#27;[0m
  &amp#27;[32mAnd &amp#27;[0m&amp#27;[32mUser has click on login button&amp#27;[0m                                          &amp#27;[90m# stepDefinitions.Login.User_has_click_on_login_button()&amp#27;[0m
  &amp#27;[32mThen &amp#27;[0m&amp#27;[32mUser should get warning message to entered credentials are missmatched&amp#27;[0m &amp#27;[90m# stepDefinitions.Login.User_should_get_warning_message_to_entered_credentials_are_missmatched()&amp#27;[0m
]]></system-out>
    <system-err><![CDATA[Starting ChromeDriver 116.0.5845.96 (1a391816688002153ef791ffe60d9e899a71a037-refs/branch-heads/5845@{#1382}) on port 28818
Only local connections are allowed.
Please see https://chromedriver.chromium.org/security-considerations for suggestions on keeping ChromeDriver safe.
ChromeDriver was started successfully.
Sep 18, 2023 4:52:25 PM org.openqa.selenium.devtools.CdpVersionFinder findNearestMatch
WARNING: Unable to find CDP implementation matching 116
Sep 18, 2023 4:52:25 PM org.openqa.selenium.chromium.ChromiumDriver lambda$new$3
WARNING: Unable to find version of CDP to use for . You may need to include a dependency on a specific version of the CDP using something similar to `org.seleniumhq.selenium:selenium-devtools-v86:4.8.2` where the version ("v86") matches the version of the chromium-based browser you're using and the version number of the artifact is the same as Selenium's.
]]></system-err>
  </testcase>
  <testcase name="User Create Account in the application with mandatory fields only" classname="Register Functionality" time="10.252">
    <system-out><![CDATA[
Scenario: User Create Account in the application with mandatory fields only &amp#27;[90m# src/test/resources/features/Register.feature:3&amp#27;[0m
  &amp#27;[32mGiven &amp#27;[0m&amp#27;[32muser navigate to Register Account button&amp#27;[0m                            &amp#27;[90m# stepDefinitions.Register.user_navigate_to_register_account_button()&amp#27;[0m
  &amp#27;[32mWhen &amp#27;[0m&amp#27;[32muser has enters the details below&amp#27;[0m                                    &amp#27;[90m# stepDefinitions.Register.user_has_enters_the_details_below(io.cucumber.datatable.DataTable)&amp#27;[0m
    | firstName   | vivek    |
    | lastName    | kumar    |
    | telephone   | 12345678 |
    | password    | admin    |
    | cnfPassword | admin    |
  &amp#27;[32mAnd &amp#27;[0m&amp#27;[32muser should click on continue button&amp#27;[0m                                  &amp#27;[90m# stepDefinitions.Register.user_should_click_on_continue_button()&amp#27;[0m
  &amp#27;[32mThen &amp#27;[0m&amp#27;[32mUser account should get created successfully&amp#27;[0m                         &amp#27;[90m# stepDefinitions.Register.user_account_should_get_created_successfully()&amp#27;[0m
]]></system-out>
    <system-err><![CDATA[Starting ChromeDriver 116.0.5845.96 (1a391816688002153ef791ffe60d9e899a71a037-refs/branch-heads/5845@{#1382}) on port 28431
Only local connections are allowed.
Please see https://chromedriver.chromium.org/security-considerations for suggestions on keeping ChromeDriver safe.
ChromeDriver was started successfully.
Sep 18, 2023 4:52:34 PM org.openqa.selenium.devtools.CdpVersionFinder findNearestMatch
WARNING: Unable to find CDP implementation matching 116
Sep 18, 2023 4:52:34 PM org.openqa.selenium.chromium.ChromiumDriver lambda$new$3
WARNING: Unable to find version of CDP to use for . You may need to include a dependency on a specific version of the CDP using something similar to `org.seleniumhq.selenium:selenium-devtools-v86:4.8.2` where the version ("v86") matches the version of the chromium-based browser you're using and the version number of the artifact is the same as Selenium's.
]]></system-err>
  </testcase>
  <testcase name="User Create Account in the application with all fields" classname="Register Functionality" time="12.697">
    <system-out><![CDATA[
Scenario: User Create Account in the application with all fields &amp#27;[90m# src/test/resources/features/Register.feature:14&amp#27;[0m
  &amp#27;[32mGiven &amp#27;[0m&amp#27;[32muser navigate to Register Account button&amp#27;[0m                 &amp#27;[90m# stepDefinitions.Register.user_navigate_to_register_account_button()&amp#27;[0m
  &amp#27;[32mWhen &amp#27;[0m&amp#27;[32muser has enters the details below&amp#27;[0m                         &amp#27;[90m# stepDefinitions.Register.user_has_enters_the_details_below(io.cucumber.datatable.DataTable)&amp#27;[0m
    | firstName   | vivek    |
    | lastName    | kumar    |
    | telephone   | 12345678 |
    | password    | admin    |
    | cnfPassword | admin    |
  &amp#27;[32mAnd &amp#27;[0m&amp#27;[32muser should select newsletter&amp#27;[0m                              &amp#27;[90m# stepDefinitions.Register.user_should_select_newsletter()&amp#27;[0m
  &amp#27;[32mAnd &amp#27;[0m&amp#27;[32muser should select Privacy Policy&amp#27;[0m                          &amp#27;[90m# stepDefinitions.Register.user_should_select_privacy_policy()&amp#27;[0m
  &amp#27;[32mAnd &amp#27;[0m&amp#27;[32muser should click on continue button&amp#27;[0m                       &amp#27;[90m# stepDefinitions.Register.user_should_click_on_continue_button()&amp#27;[0m
  &amp#27;[32mThen &amp#27;[0m&amp#27;[32mUser account should get created successfully&amp#27;[0m              &amp#27;[90m# stepDefinitions.Register.user_account_should_get_created_successfully()&amp#27;[0m
]]></system-out>
    <system-err><![CDATA[Starting ChromeDriver 116.0.5845.96 (1a391816688002153ef791ffe60d9e899a71a037-refs/branch-heads/5845@{#1382}) on port 5879
Only local connections are allowed.
Please see https://chromedriver.chromium.org/security-considerations for suggestions on keeping ChromeDriver safe.
ChromeDriver was started successfully.
Sep 18, 2023 4:52:44 PM org.openqa.selenium.devtools.CdpVersionFinder findNearestMatch
WARNING: Unable to find CDP implementation matching 116
Sep 18, 2023 4:52:44 PM org.openqa.selenium.chromium.ChromiumDriver lambda$new$3
WARNING: Unable to find version of CDP to use for . You may need to include a dependency on a specific version of the CDP using something similar to `org.seleniumhq.selenium:selenium-devtools-v86:4.8.2` where the version ("v86") matches the version of the chromium-based browser you're using and the version number of the artifact is the same as Selenium's.
]]></system-err>
  </testcase>
  <testcase name="User Create Duplicate Account in the application" classname="Register Functionality" time="10.626">
    <system-out><![CDATA[
Scenario: User Create Duplicate Account in the application                &amp#27;[90m# src/test/resources/features/Register.feature:27&amp#27;[0m
  &amp#27;[32mGiven &amp#27;[0m&amp#27;[32muser navigate to Register Account button&amp#27;[0m                          &amp#27;[90m# stepDefinitions.Register.user_navigate_to_register_account_button()&amp#27;[0m
  &amp#27;[32mWhen &amp#27;[0m&amp#27;[32muser has enters the details to verify duplicate account below&amp#27;[0m      &amp#27;[90m# stepDefinitions.Register.user_has_enters_the_details_to_verify_duplicate_account_below(io.cucumber.datatable.DataTable)&amp#27;[0m
    | firstName   | vivek                    |
    | lastName    | kumar                    |
    | email       | kvivekanand965@gmail.com |
    | telephone   | 12345678                 |
    | password    | admin                    |
    | cnfPassword | admin                    |
  &amp#27;[32mAnd &amp#27;[0m&amp#27;[32muser should select newsletter&amp#27;[0m                                       &amp#27;[90m# stepDefinitions.Register.user_should_select_newsletter()&amp#27;[0m
  &amp#27;[32mAnd &amp#27;[0m&amp#27;[32muser should select Privacy Policy&amp#27;[0m                                   &amp#27;[90m# stepDefinitions.Register.user_should_select_privacy_policy()&amp#27;[0m
  &amp#27;[32mAnd &amp#27;[0m&amp#27;[32muser should click on continue button&amp#27;[0m                                &amp#27;[90m# stepDefinitions.Register.user_should_click_on_continue_button()&amp#27;[0m
  &amp#27;[32mThen &amp#27;[0m&amp#27;[32mUser should get proper warning message about email is already exit&amp#27;[0m &amp#27;[90m# stepDefinitions.Register.user_should_get_proper_warning_message_about_email_is_already_exit()&amp#27;[0m
]]></system-out>
    <system-err><![CDATA[Starting ChromeDriver 116.0.5845.96 (1a391816688002153ef791ffe60d9e899a71a037-refs/branch-heads/5845@{#1382}) on port 29803
Only local connections are allowed.
Please see https://chromedriver.chromium.org/security-considerations for suggestions on keeping ChromeDriver safe.
ChromeDriver was started successfully.
Sep 18, 2023 4:52:57 PM org.openqa.selenium.devtools.CdpVersionFinder findNearestMatch
WARNING: Unable to find CDP implementation matching 116
Sep 18, 2023 4:52:57 PM org.openqa.selenium.chromium.ChromiumDriver lambda$new$3
WARNING: Unable to find version of CDP to use for . You may need to include a dependency on a specific version of the CDP using something similar to `org.seleniumhq.selenium:selenium-devtools-v86:4.8.2` where the version ("v86") matches the version of the chromium-based browser you're using and the version number of the artifact is the same as Selenium's.
]]></system-err>
  </testcase>
  <testcase name="User Create Account in the application without filling any details" classname="Register Functionality" time="7.516">
    <system-out><![CDATA[
Scenario: User Create Account in the application without filling any details &amp#27;[90m# src/test/resources/features/Register.feature:41&amp#27;[0m
  &amp#27;[32mGiven &amp#27;[0m&amp#27;[32muser navigate to Register Account button&amp#27;[0m                             &amp#27;[90m# stepDefinitions.Register.user_navigate_to_register_account_button()&amp#27;[0m
  &amp#27;[32mWhen &amp#27;[0m&amp#27;[32muser has not enters any details&amp#27;[0m                                       &amp#27;[90m# stepDefinitions.Register.user_has_not_enters_any_details()&amp#27;[0m
  &amp#27;[32mAnd &amp#27;[0m&amp#27;[32muser should click on continue button&amp#27;[0m                                   &amp#27;[90m# stepDefinitions.Register.user_should_click_on_continue_button()&amp#27;[0m
  &amp#27;[32mThen &amp#27;[0m&amp#27;[32mUser should get proper warning message about all mandatory fields&amp#27;[0m     &amp#27;[90m# stepDefinitions.Register.user_should_get_proper_warning_message_about_all_mandatory_fields()&amp#27;[0m
]]></system-out>
    <system-err><![CDATA[Starting ChromeDriver 116.0.5845.96 (1a391816688002153ef791ffe60d9e899a71a037-refs/branch-heads/5845@{#1382}) on port 47903
Only local connections are allowed.
Please see https://chromedriver.chromium.org/security-considerations for suggestions on keeping ChromeDriver safe.
ChromeDriver was started successfully.
Sep 18, 2023 4:53:07 PM org.openqa.selenium.devtools.CdpVersionFinder findNearestMatch
WARNING: Unable to find CDP implementation matching 116
Sep 18, 2023 4:53:07 PM org.openqa.selenium.chromium.ChromiumDriver lambda$new$3
WARNING: Unable to find version of CDP to use for . You may need to include a dependency on a specific version of the CDP using something similar to `org.seleniumhq.selenium:selenium-devtools-v86:4.8.2` where the version ("v86") matches the version of the chromium-based browser you're using and the version number of the artifact is the same as Selenium's.
]]></system-err>
  </testcase>
  <testcase name="User searches the valid product" classname="Search Functionality" time="10.061">
    <system-out><![CDATA[
Scenario: User searches the valid product                                          &amp#27;[90m# src/test/resources/features/Search.feature:3&amp#27;[0m
  &amp#27;[32mGiven &amp#27;[0m&amp#27;[32muser opens the application&amp#27;[0m                                                 &amp#27;[90m# stepDefinitions.Search.user_opens_the_application()&amp#27;[0m
  &amp#27;[32mWhen &amp#27;[0m&amp#27;[32mUser has enters the valid products &amp#27;[0m&amp#27;[32m&amp#27;[1m"HP"&amp#27;[0m&amp#27;[32m in the search box field&amp#27;[0m             &amp#27;[90m# stepDefinitions.Search.User_has_enters_the_valid_products_in_the_search_box_field(java.lang.String)&amp#27;[0m
  &amp#27;[32mAnd &amp#27;[0m&amp#27;[32mUser has click on search button&amp#27;[0m                                              &amp#27;[90m# stepDefinitions.Search.User_has_click_on_search_button()&amp#27;[0m
  &amp#27;[32mThen &amp#27;[0m&amp#27;[32mUser should get the searched product that is displayed in the search result&amp#27;[0m &amp#27;[90m# stepDefinitions.Search.User_should_get_the_searched_product_that_is_displayed_in_the_search_result()&amp#27;[0m
]]></system-out>
    <system-err><![CDATA[Starting ChromeDriver 116.0.5845.96 (1a391816688002153ef791ffe60d9e899a71a037-refs/branch-heads/5845@{#1382}) on port 47030
Only local connections are allowed.
Please see https://chromedriver.chromium.org/security-considerations for suggestions on keeping ChromeDriver safe.
ChromeDriver was started successfully.
Sep 18, 2023 4:53:15 PM org.openqa.selenium.devtools.CdpVersionFinder findNearestMatch
WARNING: Unable to find CDP implementation matching 116
Sep 18, 2023 4:53:15 PM org.openqa.selenium.chromium.ChromiumDriver lambda$new$3
WARNING: Unable to find version of CDP to use for . You may need to include a dependency on a specific version of the CDP using something similar to `org.seleniumhq.selenium:selenium-devtools-v86:4.8.2` where the version ("v86") matches the version of the chromium-based browser you're using and the version number of the artifact is the same as Selenium's.
]]></system-err>
  </testcase>
  <testcase name="User searches the invalid product" classname="Search Functionality" time="8.013">
    <system-out><![CDATA[
Scenario: User searches the invalid product                                 &amp#27;[90m# src/test/resources/features/Search.feature:9&amp#27;[0m
  &amp#27;[32mGiven &amp#27;[0m&amp#27;[32muser opens the application&amp#27;[0m                                          &amp#27;[90m# stepDefinitions.Search.user_opens_the_application()&amp#27;[0m
  &amp#27;[32mWhen &amp#27;[0m&amp#27;[32mUser has enters the invalid products &amp#27;[0m&amp#27;[32m&amp#27;[1m"Honda"&amp#27;[0m&amp#27;[32m in the search box field&amp#27;[0m &amp#27;[90m# stepDefinitions.Search.User_has_enters_the_invalid_products_in_the_search_box_field(java.lang.String)&amp#27;[0m
  &amp#27;[32mAnd &amp#27;[0m&amp#27;[32mUser has click on search button&amp#27;[0m                                       &amp#27;[90m# stepDefinitions.Search.User_has_click_on_search_button()&amp#27;[0m
  &amp#27;[32mThen &amp#27;[0m&amp#27;[32mUser should not get the searched product in the search result&amp#27;[0m        &amp#27;[90m# stepDefinitions.Search.User_should_not_get_the_searched_product_in_the_search_result()&amp#27;[0m
]]></system-out>
    <system-err><![CDATA[Starting ChromeDriver 116.0.5845.96 (1a391816688002153ef791ffe60d9e899a71a037-refs/branch-heads/5845@{#1382}) on port 30660
Only local connections are allowed.
Please see https://chromedriver.chromium.org/security-considerations for suggestions on keeping ChromeDriver safe.
ChromeDriver was started successfully.
Sep 18, 2023 4:53:25 PM org.openqa.selenium.devtools.CdpVersionFinder findNearestMatch
WARNING: Unable to find CDP implementation matching 116
Sep 18, 2023 4:53:25 PM org.openqa.selenium.chromium.ChromiumDriver lambda$new$3
WARNING: Unable to find version of CDP to use for . You may need to include a dependency on a specific version of the CDP using something similar to `org.seleniumhq.selenium:selenium-devtools-v86:4.8.2` where the version ("v86") matches the version of the chromium-based browser you're using and the version number of the artifact is the same as Selenium's.
]]></system-err>
  </testcase>
  <testcase name="User searches any product" classname="Search Functionality" time="7.023">
    <system-out><![CDATA[
Scenario: User searches any product                                  &amp#27;[90m# src/test/resources/features/Search.feature:15&amp#27;[0m
  &amp#27;[32mGiven &amp#27;[0m&amp#27;[32muser opens the application&amp#27;[0m                                   &amp#27;[90m# stepDefinitions.Search.user_opens_the_application()&amp#27;[0m
  &amp#27;[32mWhen &amp#27;[0m&amp#27;[32mUser has nothing enters in the search box field&amp#27;[0m               &amp#27;[90m# stepDefinitions.Search.User_has_nothing_enters_in_the_search_box_field()&amp#27;[0m
  &amp#27;[32mAnd &amp#27;[0m&amp#27;[32mUser has click on search button&amp#27;[0m                                &amp#27;[90m# stepDefinitions.Search.User_has_click_on_search_button()&amp#27;[0m
  &amp#27;[32mThen &amp#27;[0m&amp#27;[32mUser should not get the searched product in the search result&amp#27;[0m &amp#27;[90m# stepDefinitions.Search.User_should_not_get_the_searched_product_in_the_search_result()&amp#27;[0m
]]></system-out>
    <system-err><![CDATA[Starting ChromeDriver 116.0.5845.96 (1a391816688002153ef791ffe60d9e899a71a037-refs/branch-heads/5845@{#1382}) on port 26718
Only local connections are allowed.
Please see https://chromedriver.chromium.org/security-considerations for suggestions on keeping ChromeDriver safe.
ChromeDriver was started successfully.
Sep 18, 2023 4:53:33 PM org.openqa.selenium.devtools.CdpVersionFinder findNearestMatch
WARNING: Unable to find CDP implementation matching 116
Sep 18, 2023 4:53:33 PM org.openqa.selenium.chromium.ChromiumDriver lambda$new$3
WARNING: Unable to find version of CDP to use for . You may need to include a dependency on a specific version of the CDP using something similar to `org.seleniumhq.selenium:selenium-devtools-v86:4.8.2` where the version ("v86") matches the version of the chromium-based browser you're using and the version number of the artifact is the same as Selenium's.
]]></system-err>
  </testcase>
</testsuite>